<?xml version="1.0" encoding="UTF-8"?>
<testsuites name="gift_voucher" time="119.374" tests="3" failures="1" errors="0">
   <testsuite name="gift_voucher" tests="3" failures="1" errors="0" time="119.374" skipped="0" timestamp="2022-08-03 16:20:44" hostname="cuentaestudio - 192.168.1.37" id="Test Suites/gift_voucher_check_emails/gift_voucher">
      <properties>
         <property name="deviceName" value=""/>
         <property name="devicePlatform" value=""/>
         <property name="logFolder" value="/Users/cuentaestudio/Katalon Studio/multiple-buy/Reports/20220803_162036/gift_voucher_check_emails/gift_voucher/20220803_162037"/>
         <property name="logFiles" value="/Users/cuentaestudio/Katalon Studio/multiple-buy/Reports/20220803_162036/gift_voucher_check_emails/gift_voucher/20220803_162037/execution0.log"/>
         <property name="attachments" value="/Users/cuentaestudio/Katalon Studio/multiple-buy/Reports/20220803_162036/gift_voucher_check_emails/gift_voucher/20220803_162037/1659540086250.png, /Users/cuentaestudio/Katalon Studio/multiple-buy/Reports/20220803_162036/gift_voucher_check_emails/gift_voucher/20220803_162037/1659540117662.png"/>
         <property name="hostName" value="cuentaestudio - 192.168.1.37"/>
         <property name="os" value="Mac OS X 64bit"/>
         <property name="katalonVersion" value="8.4.0.208"/>
         <property name="browser" value="Chrome 103.0.5060.134"/>
         <property name="hostAddress" value="192.168.1.37"/>
         <property name="sessionId" value="b2ea5469e6972a40f32d3d099ca4bfd9"/>
         <property name="seleniumVersion" value="3.141.59"/>
         <property name="proxyInformation" value="ProxyInformation { proxyOption=NO_PROXY, proxyServerType=HTTP, username=, password=********, proxyServerAddress=, proxyServerPort=0, executionList=&quot;&quot;, isApplyToDesiredCapabilities=true }"/>
         <property name="platform" value="Mac OS X"/>
      </properties>
      <testcase name="Test Cases/Technical_validations/woocommerce/products/wordpress_front/buy_gift_voucher_check_email_logs/deleted_emails_logs" time="76.279" classname="Test Cases/Technical_validations/woocommerce/products/wordpress_front/buy_gift_voucher_check_email_logs/deleted_emails_logs" status="FAILED">
         <failure type="FAILED" message="Test Cases/Technical_validations/woocommerce/products/wordpress_front/buy_gift_voucher_check_email_logs/deleted_emails_logs FAILED.
Reason:
com.kms.katalon.core.exception.StepFailedException: Unable to select option by value 'delete' of object 'Object Repository/technical_validation/woocommerce/wordpress_front/buy_gift_voucher/Deleted_emails_logs/Bulk actionsDelete'  using regular expression (Root cause: com.kms.katalon.core.exception.StepFailedException: Unable to select option by value 'delete' of object 'Object Repository/technical_validation/woocommerce/wordpress_front/buy_gift_voucher/Deleted_emails_logs/Bulk actionsDelete'  using regular expression
	at com.kms.katalon.core.webui.keyword.internal.WebUIKeywordMain.stepFailed(WebUIKeywordMain.groovy:64)
	at com.kms.katalon.core.webui.keyword.internal.WebUIKeywordMain.runKeyword(WebUIKeywordMain.groovy:26)
	at com.kms.katalon.core.webui.keyword.builtin.SelectOptionByValueKeyword.selectOptionByValue(SelectOptionByValueKeyword.groovy:99)
	at com.kms.katalon.core.webui.keyword.builtin.SelectOptionByValueKeyword.execute(SelectOptionByValueKeyword.groovy:71)
	at com.kms.katalon.core.keyword.internal.KeywordExecutor.executeKeywordForPlatform(KeywordExecutor.groovy:74)
	at com.kms.katalon.core.webui.keyword.WebUiBuiltInKeywords.selectOptionByValue(WebUiBuiltInKeywords.groovy:1151)
	at com.kms.katalon.core.webui.keyword.WebUiBuiltInKeywords$selectOptionByValue$4.call(Unknown Source)
	at deleted_emails_logs.run(deleted_emails_logs:38)
	at com.kms.katalon.core.main.ScriptEngine.run(ScriptEngine.java:194)
	at com.kms.katalon.core.main.ScriptEngine.runScriptAsRawText(ScriptEngine.java:119)
	at com.kms.katalon.core.main.TestCaseExecutor.runScript(TestCaseExecutor.java:445)
	at com.kms.katalon.core.main.TestCaseExecutor.doExecute(TestCaseExecutor.java:436)
	at com.kms.katalon.core.main.TestCaseExecutor.processExecutionPhase(TestCaseExecutor.java:415)
	at com.kms.katalon.core.main.TestCaseExecutor.accessMainPhase(TestCaseExecutor.java:407)
	at com.kms.katalon.core.main.TestCaseExecutor.execute(TestCaseExecutor.java:284)
	at com.kms.katalon.core.common.CommonExecutor.accessTestCaseMainPhase(CommonExecutor.java:65)
	at com.kms.katalon.core.main.TestSuiteExecutor.accessTestSuiteMainPhase(TestSuiteExecutor.java:144)
	at com.kms.katalon.core.main.TestSuiteExecutor.execute(TestSuiteExecutor.java:106)
	at com.kms.katalon.core.main.TestCaseMain.startTestSuite(TestCaseMain.java:185)
	at com.kms.katalon.core.main.TestCaseMain$startTestSuite$0.call(Unknown Source)
	at TempTestSuite1659540037633.run(TempTestSuite1659540037633.groovy:36)
Caused by: com.kms.katalon.core.webui.exception.WebElementNotFoundException: Web element with id: 'Object Repository/technical_validation/woocommerce/wordpress_front/buy_gift_voucher/Deleted_emails_logs/Bulk actionsDelete' located by '//select[@id='bulk-action-selector-top']' not found
	at com.kms.katalon.core.webui.common.WebUiCommonHelper.findWebElement(WebUiCommonHelper.java:1370)
	at com.kms.katalon.core.webui.keyword.internal.WebUIAbstractKeyword.findWebElement(WebUIAbstractKeyword.groovy:27)
	at com.kms.katalon.core.webui.keyword.internal.WebUIAbstractKeyword.findWebElement(WebUIAbstractKeyword.groovy:26)
	at com.kms.katalon.core.webui.keyword.builtin.SelectOptionByValueKeyword$_selectOptionByValue_closure1.doCall(SelectOptionByValueKeyword.groovy:86)
	at com.kms.katalon.core.webui.keyword.builtin.SelectOptionByValueKeyword$_selectOptionByValue_closure1.call(SelectOptionByValueKeyword.groovy)
	at com.kms.katalon.core.webui.keyword.internal.WebUIKeywordMain.runKeyword(WebUIKeywordMain.groovy:20)
	at com.kms.katalon.core.webui.keyword.builtin.SelectOptionByValueKeyword.selectOptionByValue(SelectOptionByValueKeyword.groovy:99)
	at com.kms.katalon.core.webui.keyword.builtin.SelectOptionByValueKeyword.execute(SelectOptionByValueKeyword.groovy:71)
	at com.kms.katalon.core.keyword.internal.KeywordExecutor.executeKeywordForPlatform(KeywordExecutor.groovy:74)
	at com.kms.katalon.core.webui.keyword.WebUiBuiltInKeywords.selectOptionByValue(WebUiBuiltInKeywords.groovy:1151)
	at com.kms.katalon.core.webui.keyword.WebUiBuiltInKeywords$selectOptionByValue$4.call(Unknown Source)
	at Script1659539531098.run(Script1659539531098.groovy:38)
	... 13 more
)
	at com.kms.katalon.core.keyword.internal.KeywordMain.stepFailed(KeywordMain.groovy:39)
	at com.kms.katalon.core.webui.keyword.internal.WebUIKeywordMain.stepFailed(WebUIKeywordMain.groovy:64)
	at com.kms.katalon.core.webui.keyword.internal.WebUIKeywordMain.runKeyword(WebUIKeywordMain.groovy:26)
	at com.kms.katalon.core.webui.keyword.builtin.SelectOptionByValueKeyword.selectOptionByValue(SelectOptionByValueKeyword.groovy:99)
	at com.kms.katalon.core.webui.keyword.builtin.SelectOptionByValueKeyword.execute(SelectOptionByValueKeyword.groovy:71)
	at com.kms.katalon.core.keyword.internal.KeywordExecutor.executeKeywordForPlatform(KeywordExecutor.groovy:74)
	at com.kms.katalon.core.webui.keyword.WebUiBuiltInKeywords.selectOptionByValue(WebUiBuiltInKeywords.groovy:1151)
	at com.kms.katalon.core.webui.keyword.WebUiBuiltInKeywords$selectOptionByValue$4.call(Unknown Source)
	at deleted_emails_logs.run(deleted_emails_logs:38)
	at com.kms.katalon.core.main.ScriptEngine.run(ScriptEngine.java:194)
	at com.kms.katalon.core.main.ScriptEngine.runScriptAsRawText(ScriptEngine.java:119)
	at com.kms.katalon.core.main.TestCaseExecutor.runScript(TestCaseExecutor.java:445)
	at com.kms.katalon.core.main.TestCaseExecutor.doExecute(TestCaseExecutor.java:436)
	at com.kms.katalon.core.main.TestCaseExecutor.processExecutionPhase(TestCaseExecutor.java:415)
	at com.kms.katalon.core.main.TestCaseExecutor.accessMainPhase(TestCaseExecutor.java:407)
	at com.kms.katalon.core.main.TestCaseExecutor.execute(TestCaseExecutor.java:284)
	at com.kms.katalon.core.common.CommonExecutor.accessTestCaseMainPhase(CommonExecutor.java:65)
	at com.kms.katalon.core.main.TestSuiteExecutor.accessTestSuiteMainPhase(TestSuiteExecutor.java:144)
	at com.kms.katalon.core.main.TestSuiteExecutor.execute(TestSuiteExecutor.java:106)
	at com.kms.katalon.core.main.TestCaseMain.startTestSuite(TestCaseMain.java:185)
	at com.kms.katalon.core.main.TestCaseMain$startTestSuite$0.call(Unknown Source)
	at TempTestSuite1659540037633.run(TempTestSuite1659540037633.groovy:36)
Caused by: com.kms.katalon.core.exception.StepFailedException: Unable to select option by value 'delete' of object 'Object Repository/technical_validation/woocommerce/wordpress_front/buy_gift_voucher/Deleted_emails_logs/Bulk actionsDelete'  using regular expression
	... 21 more
Caused by: com.kms.katalon.core.webui.exception.WebElementNotFoundException: Web element with id: 'Object Repository/technical_validation/woocommerce/wordpress_front/buy_gift_voucher/Deleted_emails_logs/Bulk actionsDelete' located by '//select[@id='bulk-action-selector-top']' not found
	at com.kms.katalon.core.webui.common.WebUiCommonHelper.findWebElement(WebUiCommonHelper.java:1370)
	at com.kms.katalon.core.webui.keyword.internal.WebUIAbstractKeyword.findWebElement(WebUIAbstractKeyword.groovy:27)
	at com.kms.katalon.core.webui.keyword.internal.WebUIAbstractKeyword.findWebElement(WebUIAbstractKeyword.groovy:26)
	at com.kms.katalon.core.webui.keyword.builtin.SelectOptionByValueKeyword$_selectOptionByValue_closure1.doCall(SelectOptionByValueKeyword.groovy:86)
	at com.kms.katalon.core.webui.keyword.builtin.SelectOptionByValueKeyword$_selectOptionByValue_closure1.call(SelectOptionByValueKeyword.groovy)
	at com.kms.katalon.core.webui.keyword.internal.WebUIKeywordMain.runKeyword(WebUIKeywordMain.groovy:20)
	... 19 more
"/>
         <system-out><![CDATA[2022-08-03 16:20:44 - [TEST_CASE][FAILED] - Test Cases/Technical_validations/woocommerce/products/wordpress_front/buy_gift_voucher_check_email_logs/deleted_emails_logs: Test Cases/Technical_validations/woocommerce/products/wordpress_front/buy_gift_voucher_check_email_logs/deleted_emails_logs FAILED.
Reason:
com.kms.katalon.core.exception.StepFailedException: Unable to select option by value 'delete' of object 'Object Repository/technical_validation/woocommerce/wordpress_front/buy_gift_voucher/Deleted_emails_logs/Bulk actionsDelete'  using regular expression (Root cause: com.kms.katalon.core.exception.StepFailedException: Unable to select option by value 'delete' of object 'Object Repository/technical_validation/woocommerce/wordpress_front/buy_gift_voucher/Deleted_emails_logs/Bulk actionsDelete'  using regular expression
	at com.kms.katalon.core.webui.keyword.internal.WebUIKeywordMain.stepFailed(WebUIKeywordMain.groovy:64)
	at com.kms.katalon.core.webui.keyword.internal.WebUIKeywordMain.runKeyword(WebUIKeywordMain.groovy:26)
	at com.kms.katalon.core.webui.keyword.builtin.SelectOptionByValueKeyword.selectOptionByValue(SelectOptionByValueKeyword.groovy:99)
	at com.kms.katalon.core.webui.keyword.builtin.SelectOptionByValueKeyword.execute(SelectOptionByValueKeyword.groovy:71)
	at com.kms.katalon.core.keyword.internal.KeywordExecutor.executeKeywordForPlatform(KeywordExecutor.groovy:74)
	at com.kms.katalon.core.webui.keyword.WebUiBuiltInKeywords.selectOptionByValue(WebUiBuiltInKeywords.groovy:1151)
	at com.kms.katalon.core.webui.keyword.WebUiBuiltInKeywords$selectOptionByValue$4.call(Unknown Source)
	at deleted_emails_logs.run(deleted_emails_logs:38)
	at com.kms.katalon.core.main.ScriptEngine.run(ScriptEngine.java:194)
	at com.kms.katalon.core.main.ScriptEngine.runScriptAsRawText(ScriptEngine.java:119)
	at com.kms.katalon.core.main.TestCaseExecutor.runScript(TestCaseExecutor.java:445)
	at com.kms.katalon.core.main.TestCaseExecutor.doExecute(TestCaseExecutor.java:436)
	at com.kms.katalon.core.main.TestCaseExecutor.processExecutionPhase(TestCaseExecutor.java:415)
	at com.kms.katalon.core.main.TestCaseExecutor.accessMainPhase(TestCaseExecutor.java:407)
	at com.kms.katalon.core.main.TestCaseExecutor.execute(TestCaseExecutor.java:284)
	at com.kms.katalon.core.common.CommonExecutor.accessTestCaseMainPhase(CommonExecutor.java:65)
	at com.kms.katalon.core.main.TestSuiteExecutor.accessTestSuiteMainPhase(TestSuiteExecutor.java:144)
	at com.kms.katalon.core.main.TestSuiteExecutor.execute(TestSuiteExecutor.java:106)
	at com.kms.katalon.core.main.TestCaseMain.startTestSuite(TestCaseMain.java:185)
	at com.kms.katalon.core.main.TestCaseMain$startTestSuite$0.call(Unknown Source)
	at TempTestSuite1659540037633.run(TempTestSuite1659540037633.groovy:36)
Caused by: com.kms.katalon.core.webui.exception.WebElementNotFoundException: Web element with id: 'Object Repository/technical_validation/woocommerce/wordpress_front/buy_gift_voucher/Deleted_emails_logs/Bulk actionsDelete' located by '//select[@id='bulk-action-selector-top']' not found
	at com.kms.katalon.core.webui.common.WebUiCommonHelper.findWebElement(WebUiCommonHelper.java:1370)
	at com.kms.katalon.core.webui.keyword.internal.WebUIAbstractKeyword.findWebElement(WebUIAbstractKeyword.groovy:27)
	at com.kms.katalon.core.webui.keyword.internal.WebUIAbstractKeyword.findWebElement(WebUIAbstractKeyword.groovy:26)
	at com.kms.katalon.core.webui.keyword.builtin.SelectOptionByValueKeyword$_selectOptionByValue_closure1.doCall(SelectOptionByValueKeyword.groovy:86)
	at com.kms.katalon.core.webui.keyword.builtin.SelectOptionByValueKeyword$_selectOptionByValue_closure1.call(SelectOptionByValueKeyword.groovy)
	at com.kms.katalon.core.webui.keyword.internal.WebUIKeywordMain.runKeyword(WebUIKeywordMain.groovy:20)
	at com.kms.katalon.core.webui.keyword.builtin.SelectOptionByValueKeyword.selectOptionByValue(SelectOptionByValueKeyword.groovy:99)
	at com.kms.katalon.core.webui.keyword.builtin.SelectOptionByValueKeyword.execute(SelectOptionByValueKeyword.groovy:71)
	at com.kms.katalon.core.keyword.internal.KeywordExecutor.executeKeywordForPlatform(KeywordExecutor.groovy:74)
	at com.kms.katalon.core.webui.keyword.WebUiBuiltInKeywords.selectOptionByValue(WebUiBuiltInKeywords.groovy:1151)
	at com.kms.katalon.core.webui.keyword.WebUiBuiltInKeywords$selectOptionByValue$4.call(Unknown Source)
	at Script1659539531098.run(Script1659539531098.groovy:38)
	... 13 more
)
	at com.kms.katalon.core.keyword.internal.KeywordMain.stepFailed(KeywordMain.groovy:39)
	at com.kms.katalon.core.webui.keyword.internal.WebUIKeywordMain.stepFailed(WebUIKeywordMain.groovy:64)
	at com.kms.katalon.core.webui.keyword.internal.WebUIKeywordMain.runKeyword(WebUIKeywordMain.groovy:26)
	at com.kms.katalon.core.webui.keyword.builtin.SelectOptionByValueKeyword.selectOptionByValue(SelectOptionByValueKeyword.groovy:99)
	at com.kms.katalon.core.webui.keyword.builtin.SelectOptionByValueKeyword.execute(SelectOptionByValueKeyword.groovy:71)
	at com.kms.katalon.core.keyword.internal.KeywordExecutor.executeKeywordForPlatform(KeywordExecutor.groovy:74)
	at com.kms.katalon.core.webui.keyword.WebUiBuiltInKeywords.selectOptionByValue(WebUiBuiltInKeywords.groovy:1151)
	at com.kms.katalon.core.webui.keyword.WebUiBuiltInKeywords$selectOptionByValue$4.call(Unknown Source)
	at deleted_emails_logs.run(deleted_emails_logs:38)
	at com.kms.katalon.core.main.ScriptEngine.run(ScriptEngine.java:194)
	at com.kms.katalon.core.main.ScriptEngine.runScriptAsRawText(ScriptEngine.java:119)
	at com.kms.katalon.core.main.TestCaseExecutor.runScript(TestCaseExecutor.java:445)
	at com.kms.katalon.core.main.TestCaseExecutor.doExecute(TestCaseExecutor.java:436)
	at com.kms.katalon.core.main.TestCaseExecutor.processExecutionPhase(TestCaseExecutor.java:415)
	at com.kms.katalon.core.main.TestCaseExecutor.accessMainPhase(TestCaseExecutor.java:407)
	at com.kms.katalon.core.main.TestCaseExecutor.execute(TestCaseExecutor.java:284)
	at com.kms.katalon.core.common.CommonExecutor.accessTestCaseMainPhase(CommonExecutor.java:65)
	at com.kms.katalon.core.main.TestSuiteExecutor.accessTestSuiteMainPhase(TestSuiteExecutor.java:144)
	at com.kms.katalon.core.main.TestSuiteExecutor.execute(TestSuiteExecutor.java:106)
	at com.kms.katalon.core.main.TestCaseMain.startTestSuite(TestCaseMain.java:185)
	at com.kms.katalon.core.main.TestCaseMain$startTestSuite$0.call(Unknown Source)
	at TempTestSuite1659540037633.run(TempTestSuite1659540037633.groovy:36)
Caused by: com.kms.katalon.core.exception.StepFailedException: Unable to select option by value 'delete' of object 'Object Repository/technical_validation/woocommerce/wordpress_front/buy_gift_voucher/Deleted_emails_logs/Bulk actionsDelete'  using regular expression
	... 21 more
Caused by: com.kms.katalon.core.webui.exception.WebElementNotFoundException: Web element with id: 'Object Repository/technical_validation/woocommerce/wordpress_front/buy_gift_voucher/Deleted_emails_logs/Bulk actionsDelete' located by '//select[@id='bulk-action-selector-top']' not found
	at com.kms.katalon.core.webui.common.WebUiCommonHelper.findWebElement(WebUiCommonHelper.java:1370)
	at com.kms.katalon.core.webui.keyword.internal.WebUIAbstractKeyword.findWebElement(WebUIAbstractKeyword.groovy:27)
	at com.kms.katalon.core.webui.keyword.internal.WebUIAbstractKeyword.findWebElement(WebUIAbstractKeyword.groovy:26)
	at com.kms.katalon.core.webui.keyword.builtin.SelectOptionByValueKeyword$_selectOptionByValue_closure1.doCall(SelectOptionByValueKeyword.groovy:86)
	at com.kms.katalon.core.webui.keyword.builtin.SelectOptionByValueKeyword$_selectOptionByValue_closure1.call(SelectOptionByValueKeyword.groovy)
	at com.kms.katalon.core.webui.keyword.internal.WebUIKeywordMain.runKeyword(WebUIKeywordMain.groovy:20)
	... 19 more


2022-08-03 16:20:44 - [TEST_STEP][PASSED] - openBrowser(""): Browser is opened with url: ''

2022-08-03 16:20:44 - [MESSAGE][INFO] - Starting 'Chrome' driver

2022-08-03 16:20:44 - [MESSAGE][INFO] - Action delay is set to 0 milliseconds

2022-08-03 16:20:46 - [MESSAGE][PASSED] - Browser is opened with url: ''

2022-08-03 16:20:46 - [TEST_STEP][PASSED] - navigateToUrl("https://test2.bittermate.com/wp-login.php?redirect_to=https%3A%2F%2Ftest2.bittermate.com%2Fwp-admin%2F&reauth=1"): Navigate to 'https://test2.bittermate.com/wp-login.php?redirect_to=https%3A%2F%2Ftest2.bittermate.com%2Fwp-admin%2F&reauth=1' successfully

2022-08-03 16:20:47 - [MESSAGE][PASSED] - Navigate to 'https://test2.bittermate.com/wp-login.php?redirect_to=https%3A%2F%2Ftest2.bittermate.com%2Fwp-admin%2F&reauth=1' successfully

2022-08-03 16:20:47 - [TEST_STEP][PASSED] - setText(findTestObject("Object Repository/technical_validation/woocommerce/wordpress_front/buy_gift_voucher/Deleted_emails_logs/Username_log"), "HeK7efHMQ5uFnm9JjsPr"): Text 'HeK7efHMQ5uFnm9JjsPr' is set on object 'Object Repository/technical_validation/woocommerce/wordpress_front/buy_gift_voucher/Deleted_emails_logs/Username_log'

2022-08-03 16:20:48 - [MESSAGE][PASSED] - Text 'HeK7efHMQ5uFnm9JjsPr' is set on object 'Object Repository/technical_validation/woocommerce/wordpress_front/buy_gift_voucher/Deleted_emails_logs/Username_log'

2022-08-03 16:20:48 - [TEST_STEP][PASSED] - setEncryptedText(findTestObject("Object Repository/technical_validation/woocommerce/wordpress_front/buy_gift_voucher/Deleted_emails_logs/Password"), "j0Nap0ti6DhaVggngvyR/o5uPt58Q4Zkrfnklq59dgCapLJ4ygQgUQ=="): Text ****** has been set on object 'Object Repository/technical_validation/woocommerce/wordpress_front/buy_gift_voucher/Deleted_emails_logs/Password'

2022-08-03 16:20:48 - [MESSAGE][PASSED] - Text ****** has been set on object 'Object Repository/technical_validation/woocommerce/wordpress_front/buy_gift_voucher/Deleted_emails_logs/Password'

2022-08-03 16:20:48 - [TEST_STEP][PASSED] - click(findTestObject("Object Repository/technical_validation/woocommerce/wordpress_front/buy_gift_voucher/Deleted_emails_logs/input_button")): Object: 'Object Repository/technical_validation/woocommerce/wordpress_front/buy_gift_voucher/Deleted_emails_logs/input_button' is clicked on

2022-08-03 16:20:50 - [MESSAGE][PASSED] - Object: 'Object Repository/technical_validation/woocommerce/wordpress_front/buy_gift_voucher/Deleted_emails_logs/input_button' is clicked on

2022-08-03 16:20:50 - [TEST_STEP][PASSED] - click(findTestObject("Object Repository/technical_validation/woocommerce/wordpress_front/buy_gift_voucher/Deleted_emails_logs/WP Mail SMTP")): Object: 'Object Repository/technical_validation/woocommerce/wordpress_front/buy_gift_voucher/Deleted_emails_logs/WP Mail SMTP' is clicked on

2022-08-03 16:20:51 - [MESSAGE][PASSED] - Object: 'Object Repository/technical_validation/woocommerce/wordpress_front/buy_gift_voucher/Deleted_emails_logs/WP Mail SMTP' is clicked on

2022-08-03 16:20:51 - [TEST_STEP][PASSED] - click(findTestObject("Object Repository/technical_validation/woocommerce/wordpress_front/buy_gift_voucher/Deleted_emails_logs/a_Email Log")): Object: 'Object Repository/technical_validation/woocommerce/wordpress_front/buy_gift_voucher/Deleted_emails_logs/a_Email Log' is clicked on

2022-08-03 16:20:54 - [MESSAGE][PASSED] - Object: 'Object Repository/technical_validation/woocommerce/wordpress_front/buy_gift_voucher/Deleted_emails_logs/a_Email Log' is clicked on

2022-08-03 16:20:54 - [TEST_STEP][PASSED] - click(findTestObject("Object Repository/technical_validation/woocommerce/wordpress_front/buy_gift_voucher/Deleted_emails_logs/Select all_logs")): Object: 'Object Repository/technical_validation/woocommerce/wordpress_front/buy_gift_voucher/Deleted_emails_logs/Select all_logs' is clicked on

2022-08-03 16:20:55 - [MESSAGE][PASSED] - Object: 'Object Repository/technical_validation/woocommerce/wordpress_front/buy_gift_voucher/Deleted_emails_logs/Select all_logs' is clicked on

2022-08-03 16:20:55 - [TEST_STEP][FAILED] - selectOptionByValue(findTestObject("Object Repository/technical_validation/woocommerce/wordpress_front/buy_gift_voucher/Deleted_emails_logs/Bulk actionsDelete"), "delete", true, CONTINUE_ON_FAILURE): Unable to select option by value 'delete' of object 'Object Repository/technical_validation/woocommerce/wordpress_front/buy_gift_voucher/Deleted_emails_logs/Bulk actionsDelete'  using regular expression (Root cause: com.kms.katalon.core.exception.StepFailedException: Unable to select option by value 'delete' of object 'Object Repository/technical_validation/woocommerce/wordpress_front/buy_gift_voucher/Deleted_emails_logs/Bulk actionsDelete'  using regular expression
	at com.kms.katalon.core.webui.keyword.internal.WebUIKeywordMain.stepFailed(WebUIKeywordMain.groovy:64)
	at com.kms.katalon.core.webui.keyword.internal.WebUIKeywordMain.runKeyword(WebUIKeywordMain.groovy:26)
	at com.kms.katalon.core.webui.keyword.builtin.SelectOptionByValueKeyword.selectOptionByValue(SelectOptionByValueKeyword.groovy:99)
	at com.kms.katalon.core.webui.keyword.builtin.SelectOptionByValueKeyword.execute(SelectOptionByValueKeyword.groovy:71)
	at com.kms.katalon.core.keyword.internal.KeywordExecutor.executeKeywordForPlatform(KeywordExecutor.groovy:74)
	at com.kms.katalon.core.webui.keyword.WebUiBuiltInKeywords.selectOptionByValue(WebUiBuiltInKeywords.groovy:1151)
	at com.kms.katalon.core.webui.keyword.WebUiBuiltInKeywords$selectOptionByValue$4.call(Unknown Source)
	at deleted_emails_logs.run(deleted_emails_logs:38)
	at com.kms.katalon.core.main.ScriptEngine.run(ScriptEngine.java:194)
	at com.kms.katalon.core.main.ScriptEngine.runScriptAsRawText(ScriptEngine.java:119)
	at com.kms.katalon.core.main.TestCaseExecutor.runScript(TestCaseExecutor.java:445)
	at com.kms.katalon.core.main.TestCaseExecutor.doExecute(TestCaseExecutor.java:436)
	at com.kms.katalon.core.main.TestCaseExecutor.processExecutionPhase(TestCaseExecutor.java:415)
	at com.kms.katalon.core.main.TestCaseExecutor.accessMainPhase(TestCaseExecutor.java:407)
	at com.kms.katalon.core.main.TestCaseExecutor.execute(TestCaseExecutor.java:284)
	at com.kms.katalon.core.common.CommonExecutor.accessTestCaseMainPhase(CommonExecutor.java:65)
	at com.kms.katalon.core.main.TestSuiteExecutor.accessTestSuiteMainPhase(TestSuiteExecutor.java:144)
	at com.kms.katalon.core.main.TestSuiteExecutor.execute(TestSuiteExecutor.java:106)
	at com.kms.katalon.core.main.TestCaseMain.startTestSuite(TestCaseMain.java:185)
	at com.kms.katalon.core.main.TestCaseMain$startTestSuite$0.call(Unknown Source)
	at TempTestSuite1659540037633.run(TempTestSuite1659540037633.groovy:36)
Caused by: com.kms.katalon.core.webui.exception.WebElementNotFoundException: Web element with id: 'Object Repository/technical_validation/woocommerce/wordpress_front/buy_gift_voucher/Deleted_emails_logs/Bulk actionsDelete' located by '//select[@id='bulk-action-selector-top']' not found
	at com.kms.katalon.core.webui.common.WebUiCommonHelper.findWebElement(WebUiCommonHelper.java:1370)
	at com.kms.katalon.core.webui.keyword.internal.WebUIAbstractKeyword.findWebElement(WebUIAbstractKeyword.groovy:27)
	at com.kms.katalon.core.webui.keyword.internal.WebUIAbstractKeyword.findWebElement(WebUIAbstractKeyword.groovy:26)
	at com.kms.katalon.core.webui.keyword.builtin.SelectOptionByValueKeyword$_selectOptionByValue_closure1.doCall(SelectOptionByValueKeyword.groovy:86)
	at com.kms.katalon.core.webui.keyword.builtin.SelectOptionByValueKeyword$_selectOptionByValue_closure1.call(SelectOptionByValueKeyword.groovy)
	at com.kms.katalon.core.webui.keyword.internal.WebUIKeywordMain.runKeyword(WebUIKeywordMain.groovy:20)
	at com.kms.katalon.core.webui.keyword.builtin.SelectOptionByValueKeyword.selectOptionByValue(SelectOptionByValueKeyword.groovy:99)
	at com.kms.katalon.core.webui.keyword.builtin.SelectOptionByValueKeyword.execute(SelectOptionByValueKeyword.groovy:71)
	at com.kms.katalon.core.keyword.internal.KeywordExecutor.executeKeywordForPlatform(KeywordExecutor.groovy:74)
	at com.kms.katalon.core.webui.keyword.WebUiBuiltInKeywords.selectOptionByValue(WebUiBuiltInKeywords.groovy:1151)
	at com.kms.katalon.core.webui.keyword.WebUiBuiltInKeywords$selectOptionByValue$4.call(Unknown Source)
	at Script1659539531098.run(Script1659539531098.groovy:38)
	... 13 more
)

2022-08-03 16:21:26 - [MESSAGE][INFO] - Unable to find the element located by 'By.xpath: //select[@id='bulk-action-selector-top']'. Please recheck the objects properties to make sure the desired element is located. 

2022-08-03 16:21:26 - [MESSAGE][FAILED] - Unable to select option by value 'delete' of object 'Object Repository/technical_validation/woocommerce/wordpress_front/buy_gift_voucher/Deleted_emails_logs/Bulk actionsDelete'  using regular expression (Root cause: com.kms.katalon.core.exception.StepFailedException: Unable to select option by value 'delete' of object 'Object Repository/technical_validation/woocommerce/wordpress_front/buy_gift_voucher/Deleted_emails_logs/Bulk actionsDelete'  using regular expression
	at com.kms.katalon.core.webui.keyword.internal.WebUIKeywordMain.stepFailed(WebUIKeywordMain.groovy:64)
	at com.kms.katalon.core.webui.keyword.internal.WebUIKeywordMain.runKeyword(WebUIKeywordMain.groovy:26)
	at com.kms.katalon.core.webui.keyword.builtin.SelectOptionByValueKeyword.selectOptionByValue(SelectOptionByValueKeyword.groovy:99)
	at com.kms.katalon.core.webui.keyword.builtin.SelectOptionByValueKeyword.execute(SelectOptionByValueKeyword.groovy:71)
	at com.kms.katalon.core.keyword.internal.KeywordExecutor.executeKeywordForPlatform(KeywordExecutor.groovy:74)
	at com.kms.katalon.core.webui.keyword.WebUiBuiltInKeywords.selectOptionByValue(WebUiBuiltInKeywords.groovy:1151)
	at com.kms.katalon.core.webui.keyword.WebUiBuiltInKeywords$selectOptionByValue$4.call(Unknown Source)
	at deleted_emails_logs.run(deleted_emails_logs:38)
	at com.kms.katalon.core.main.ScriptEngine.run(ScriptEngine.java:194)
	at com.kms.katalon.core.main.ScriptEngine.runScriptAsRawText(ScriptEngine.java:119)
	at com.kms.katalon.core.main.TestCaseExecutor.runScript(TestCaseExecutor.java:445)
	at com.kms.katalon.core.main.TestCaseExecutor.doExecute(TestCaseExecutor.java:436)
	at com.kms.katalon.core.main.TestCaseExecutor.processExecutionPhase(TestCaseExecutor.java:415)
	at com.kms.katalon.core.main.TestCaseExecutor.accessMainPhase(TestCaseExecutor.java:407)
	at com.kms.katalon.core.main.TestCaseExecutor.execute(TestCaseExecutor.java:284)
	at com.kms.katalon.core.common.CommonExecutor.accessTestCaseMainPhase(CommonExecutor.java:65)
	at com.kms.katalon.core.main.TestSuiteExecutor.accessTestSuiteMainPhase(TestSuiteExecutor.java:144)
	at com.kms.katalon.core.main.TestSuiteExecutor.execute(TestSuiteExecutor.java:106)
	at com.kms.katalon.core.main.TestCaseMain.startTestSuite(TestCaseMain.java:185)
	at com.kms.katalon.core.main.TestCaseMain$startTestSuite$0.call(Unknown Source)
	at TempTestSuite1659540037633.run(TempTestSuite1659540037633.groovy:36)
Caused by: com.kms.katalon.core.webui.exception.WebElementNotFoundException: Web element with id: 'Object Repository/technical_validation/woocommerce/wordpress_front/buy_gift_voucher/Deleted_emails_logs/Bulk actionsDelete' located by '//select[@id='bulk-action-selector-top']' not found
	at com.kms.katalon.core.webui.common.WebUiCommonHelper.findWebElement(WebUiCommonHelper.java:1370)
	at com.kms.katalon.core.webui.keyword.internal.WebUIAbstractKeyword.findWebElement(WebUIAbstractKeyword.groovy:27)
	at com.kms.katalon.core.webui.keyword.internal.WebUIAbstractKeyword.findWebElement(WebUIAbstractKeyword.groovy:26)
	at com.kms.katalon.core.webui.keyword.builtin.SelectOptionByValueKeyword$_selectOptionByValue_closure1.doCall(SelectOptionByValueKeyword.groovy:86)
	at com.kms.katalon.core.webui.keyword.builtin.SelectOptionByValueKeyword$_selectOptionByValue_closure1.call(SelectOptionByValueKeyword.groovy)
	at com.kms.katalon.core.webui.keyword.internal.WebUIKeywordMain.runKeyword(WebUIKeywordMain.groovy:20)
	at com.kms.katalon.core.webui.keyword.builtin.SelectOptionByValueKeyword.selectOptionByValue(SelectOptionByValueKeyword.groovy:99)
	at com.kms.katalon.core.webui.keyword.builtin.SelectOptionByValueKeyword.execute(SelectOptionByValueKeyword.groovy:71)
	at com.kms.katalon.core.keyword.internal.KeywordExecutor.executeKeywordForPlatform(KeywordExecutor.groovy:74)
	at com.kms.katalon.core.webui.keyword.WebUiBuiltInKeywords.selectOptionByValue(WebUiBuiltInKeywords.groovy:1151)
	at com.kms.katalon.core.webui.keyword.WebUiBuiltInKeywords$selectOptionByValue$4.call(Unknown Source)
	at Script1659539531098.run(Script1659539531098.groovy:38)
	... 13 more
)
[[ATTACHMENT|/Users/cuentaestudio/Katalon Studio/multiple-buy/Reports/20220803_162036/gift_voucher_check_emails/gift_voucher/20220803_162037/1659540086250.png]]

2022-08-03 16:21:26 - [TEST_STEP][FAILED] - click(findTestObject("Object Repository/technical_validation/woocommerce/wordpress_front/buy_gift_voucher/Deleted_emails_logs/bulk action_button"), CONTINUE_ON_FAILURE): Unable to click on object 'Object Repository/technical_validation/woocommerce/wordpress_front/buy_gift_voucher/Deleted_emails_logs/bulk action_button' (Root cause: com.kms.katalon.core.exception.StepFailedException: Unable to click on object 'Object Repository/technical_validation/woocommerce/wordpress_front/buy_gift_voucher/Deleted_emails_logs/bulk action_button'
	at com.kms.katalon.core.webui.keyword.internal.WebUIKeywordMain.stepFailed(WebUIKeywordMain.groovy:64)
	at com.kms.katalon.core.webui.keyword.internal.WebUIKeywordMain.runKeyword(WebUIKeywordMain.groovy:26)
	at com.kms.katalon.core.webui.keyword.builtin.ClickKeyword.click(ClickKeyword.groovy:74)
	at com.kms.katalon.core.webui.keyword.builtin.ClickKeyword.execute(ClickKeyword.groovy:40)
	at com.kms.katalon.core.keyword.internal.KeywordExecutor.executeKeywordForPlatform(KeywordExecutor.groovy:74)
	at com.kms.katalon.core.webui.keyword.WebUiBuiltInKeywords.click(WebUiBuiltInKeywords.groovy:608)
	at com.kms.katalon.core.webui.keyword.WebUiBuiltInKeywords$click$5.call(Unknown Source)
	at deleted_emails_logs.run(deleted_emails_logs:41)
	at com.kms.katalon.core.main.ScriptEngine.run(ScriptEngine.java:194)
	at com.kms.katalon.core.main.ScriptEngine.runScriptAsRawText(ScriptEngine.java:119)
	at com.kms.katalon.core.main.TestCaseExecutor.runScript(TestCaseExecutor.java:445)
	at com.kms.katalon.core.main.TestCaseExecutor.doExecute(TestCaseExecutor.java:436)
	at com.kms.katalon.core.main.TestCaseExecutor.processExecutionPhase(TestCaseExecutor.java:415)
	at com.kms.katalon.core.main.TestCaseExecutor.accessMainPhase(TestCaseExecutor.java:407)
	at com.kms.katalon.core.main.TestCaseExecutor.execute(TestCaseExecutor.java:284)
	at com.kms.katalon.core.common.CommonExecutor.accessTestCaseMainPhase(CommonExecutor.java:65)
	at com.kms.katalon.core.main.TestSuiteExecutor.accessTestSuiteMainPhase(TestSuiteExecutor.java:144)
	at com.kms.katalon.core.main.TestSuiteExecutor.execute(TestSuiteExecutor.java:106)
	at com.kms.katalon.core.main.TestCaseMain.startTestSuite(TestCaseMain.java:185)
	at com.kms.katalon.core.main.TestCaseMain$startTestSuite$0.call(Unknown Source)
	at TempTestSuite1659540037633.run(TempTestSuite1659540037633.groovy:36)
Caused by: com.kms.katalon.core.webui.exception.WebElementNotFoundException: Web element with id: 'Object Repository/technical_validation/woocommerce/wordpress_front/buy_gift_voucher/Deleted_emails_logs/bulk action_button' located by '//input[@id='doaction']' not found
	at com.kms.katalon.core.webui.common.WebUiCommonHelper.findWebElement(WebUiCommonHelper.java:1370)
	at com.kms.katalon.core.webui.keyword.internal.WebUIAbstractKeyword.findWebElement(WebUIAbstractKeyword.groovy:27)
	at com.kms.katalon.core.webui.keyword.builtin.ClickKeyword$_click_closure1.doCall(ClickKeyword.groovy:65)
	at com.kms.katalon.core.webui.keyword.builtin.ClickKeyword$_click_closure1.call(ClickKeyword.groovy)
	at com.kms.katalon.core.webui.keyword.internal.WebUIKeywordMain.runKeyword(WebUIKeywordMain.groovy:20)
	at com.kms.katalon.core.webui.keyword.builtin.ClickKeyword.click(ClickKeyword.groovy:74)
	at com.kms.katalon.core.webui.keyword.builtin.ClickKeyword.execute(ClickKeyword.groovy:40)
	at com.kms.katalon.core.keyword.internal.KeywordExecutor.executeKeywordForPlatform(KeywordExecutor.groovy:74)
	at com.kms.katalon.core.webui.keyword.WebUiBuiltInKeywords.click(WebUiBuiltInKeywords.groovy:608)
	at com.kms.katalon.core.webui.keyword.WebUiBuiltInKeywords$click$5.call(Unknown Source)
	at Script1659539531098.run(Script1659539531098.groovy:41)
	... 13 more
)

2022-08-03 16:21:57 - [MESSAGE][INFO] - Unable to find the element located by 'By.xpath: //input[@id='doaction']'. Please recheck the objects properties to make sure the desired element is located. 

2022-08-03 16:21:58 - [MESSAGE][FAILED] - Unable to click on object 'Object Repository/technical_validation/woocommerce/wordpress_front/buy_gift_voucher/Deleted_emails_logs/bulk action_button' (Root cause: com.kms.katalon.core.exception.StepFailedException: Unable to click on object 'Object Repository/technical_validation/woocommerce/wordpress_front/buy_gift_voucher/Deleted_emails_logs/bulk action_button'
	at com.kms.katalon.core.webui.keyword.internal.WebUIKeywordMain.stepFailed(WebUIKeywordMain.groovy:64)
	at com.kms.katalon.core.webui.keyword.internal.WebUIKeywordMain.runKeyword(WebUIKeywordMain.groovy:26)
	at com.kms.katalon.core.webui.keyword.builtin.ClickKeyword.click(ClickKeyword.groovy:74)
	at com.kms.katalon.core.webui.keyword.builtin.ClickKeyword.execute(ClickKeyword.groovy:40)
	at com.kms.katalon.core.keyword.internal.KeywordExecutor.executeKeywordForPlatform(KeywordExecutor.groovy:74)
	at com.kms.katalon.core.webui.keyword.WebUiBuiltInKeywords.click(WebUiBuiltInKeywords.groovy:608)
	at com.kms.katalon.core.webui.keyword.WebUiBuiltInKeywords$click$5.call(Unknown Source)
	at deleted_emails_logs.run(deleted_emails_logs:41)
	at com.kms.katalon.core.main.ScriptEngine.run(ScriptEngine.java:194)
	at com.kms.katalon.core.main.ScriptEngine.runScriptAsRawText(ScriptEngine.java:119)
	at com.kms.katalon.core.main.TestCaseExecutor.runScript(TestCaseExecutor.java:445)
	at com.kms.katalon.core.main.TestCaseExecutor.doExecute(TestCaseExecutor.java:436)
	at com.kms.katalon.core.main.TestCaseExecutor.processExecutionPhase(TestCaseExecutor.java:415)
	at com.kms.katalon.core.main.TestCaseExecutor.accessMainPhase(TestCaseExecutor.java:407)
	at com.kms.katalon.core.main.TestCaseExecutor.execute(TestCaseExecutor.java:284)
	at com.kms.katalon.core.common.CommonExecutor.accessTestCaseMainPhase(CommonExecutor.java:65)
	at com.kms.katalon.core.main.TestSuiteExecutor.accessTestSuiteMainPhase(TestSuiteExecutor.java:144)
	at com.kms.katalon.core.main.TestSuiteExecutor.execute(TestSuiteExecutor.java:106)
	at com.kms.katalon.core.main.TestCaseMain.startTestSuite(TestCaseMain.java:185)
	at com.kms.katalon.core.main.TestCaseMain$startTestSuite$0.call(Unknown Source)
	at TempTestSuite1659540037633.run(TempTestSuite1659540037633.groovy:36)
Caused by: com.kms.katalon.core.webui.exception.WebElementNotFoundException: Web element with id: 'Object Repository/technical_validation/woocommerce/wordpress_front/buy_gift_voucher/Deleted_emails_logs/bulk action_button' located by '//input[@id='doaction']' not found
	at com.kms.katalon.core.webui.common.WebUiCommonHelper.findWebElement(WebUiCommonHelper.java:1370)
	at com.kms.katalon.core.webui.keyword.internal.WebUIAbstractKeyword.findWebElement(WebUIAbstractKeyword.groovy:27)
	at com.kms.katalon.core.webui.keyword.builtin.ClickKeyword$_click_closure1.doCall(ClickKeyword.groovy:65)
	at com.kms.katalon.core.webui.keyword.builtin.ClickKeyword$_click_closure1.call(ClickKeyword.groovy)
	at com.kms.katalon.core.webui.keyword.internal.WebUIKeywordMain.runKeyword(WebUIKeywordMain.groovy:20)
	at com.kms.katalon.core.webui.keyword.builtin.ClickKeyword.click(ClickKeyword.groovy:74)
	at com.kms.katalon.core.webui.keyword.builtin.ClickKeyword.execute(ClickKeyword.groovy:40)
	at com.kms.katalon.core.keyword.internal.KeywordExecutor.executeKeywordForPlatform(KeywordExecutor.groovy:74)
	at com.kms.katalon.core.webui.keyword.WebUiBuiltInKeywords.click(WebUiBuiltInKeywords.groovy:608)
	at com.kms.katalon.core.webui.keyword.WebUiBuiltInKeywords$click$5.call(Unknown Source)
	at Script1659539531098.run(Script1659539531098.groovy:41)
	... 13 more
)
[[ATTACHMENT|/Users/cuentaestudio/Katalon Studio/multiple-buy/Reports/20220803_162036/gift_voucher_check_emails/gift_voucher/20220803_162037/1659540117662.png]]

2022-08-03 16:21:58 - [TEST_STEP][PASSED] - verifyElementPresent(findTestObject("Object Repository/technical_validation/woocommerce/wordpress_front/buy_gift_voucher/Deleted_emails_logs/td_No emails have been logged for now"), 0): Object 'Object Repository/technical_validation/woocommerce/wordpress_front/buy_gift_voucher/Deleted_emails_logs/td_No emails have been logged for now' is present

2022-08-03 16:21:58 - [MESSAGE][WARNING] - Timeout '0' is invalid. Using default page load timeout: '30'

2022-08-03 16:21:58 - [MESSAGE][PASSED] - Object 'Object Repository/technical_validation/woocommerce/wordpress_front/buy_gift_voucher/Deleted_emails_logs/td_No emails have been logged for now' is present

2022-08-03 16:21:58 - [TEST_STEP][PASSED] - delay(2): Delayed 2 second(s)

2022-08-03 16:22:00 - [MESSAGE][PASSED] - Delayed 2 second(s)

2022-08-03 16:22:00 - [TEST_STEP][PASSED] - closeBrowser(): Browser is closed

2022-08-03 16:22:00 - [MESSAGE][PASSED] - Browser is closed]]></system-out>
         <system-err><![CDATA[2022-08-03 16:20:44 - [TEST_CASE][FAILED] - Test Cases/Technical_validations/woocommerce/products/wordpress_front/buy_gift_voucher_check_email_logs/deleted_emails_logs: Test Cases/Technical_validations/woocommerce/products/wordpress_front/buy_gift_voucher_check_email_logs/deleted_emails_logs FAILED.
Reason:
com.kms.katalon.core.exception.StepFailedException: Unable to select option by value 'delete' of object 'Object Repository/technical_validation/woocommerce/wordpress_front/buy_gift_voucher/Deleted_emails_logs/Bulk actionsDelete'  using regular expression (Root cause: com.kms.katalon.core.exception.StepFailedException: Unable to select option by value 'delete' of object 'Object Repository/technical_validation/woocommerce/wordpress_front/buy_gift_voucher/Deleted_emails_logs/Bulk actionsDelete'  using regular expression
	at com.kms.katalon.core.webui.keyword.internal.WebUIKeywordMain.stepFailed(WebUIKeywordMain.groovy:64)
	at com.kms.katalon.core.webui.keyword.internal.WebUIKeywordMain.runKeyword(WebUIKeywordMain.groovy:26)
	at com.kms.katalon.core.webui.keyword.builtin.SelectOptionByValueKeyword.selectOptionByValue(SelectOptionByValueKeyword.groovy:99)
	at com.kms.katalon.core.webui.keyword.builtin.SelectOptionByValueKeyword.execute(SelectOptionByValueKeyword.groovy:71)
	at com.kms.katalon.core.keyword.internal.KeywordExecutor.executeKeywordForPlatform(KeywordExecutor.groovy:74)
	at com.kms.katalon.core.webui.keyword.WebUiBuiltInKeywords.selectOptionByValue(WebUiBuiltInKeywords.groovy:1151)
	at com.kms.katalon.core.webui.keyword.WebUiBuiltInKeywords$selectOptionByValue$4.call(Unknown Source)
	at deleted_emails_logs.run(deleted_emails_logs:38)
	at com.kms.katalon.core.main.ScriptEngine.run(ScriptEngine.java:194)
	at com.kms.katalon.core.main.ScriptEngine.runScriptAsRawText(ScriptEngine.java:119)
	at com.kms.katalon.core.main.TestCaseExecutor.runScript(TestCaseExecutor.java:445)
	at com.kms.katalon.core.main.TestCaseExecutor.doExecute(TestCaseExecutor.java:436)
	at com.kms.katalon.core.main.TestCaseExecutor.processExecutionPhase(TestCaseExecutor.java:415)
	at com.kms.katalon.core.main.TestCaseExecutor.accessMainPhase(TestCaseExecutor.java:407)
	at com.kms.katalon.core.main.TestCaseExecutor.execute(TestCaseExecutor.java:284)
	at com.kms.katalon.core.common.CommonExecutor.accessTestCaseMainPhase(CommonExecutor.java:65)
	at com.kms.katalon.core.main.TestSuiteExecutor.accessTestSuiteMainPhase(TestSuiteExecutor.java:144)
	at com.kms.katalon.core.main.TestSuiteExecutor.execute(TestSuiteExecutor.java:106)
	at com.kms.katalon.core.main.TestCaseMain.startTestSuite(TestCaseMain.java:185)
	at com.kms.katalon.core.main.TestCaseMain$startTestSuite$0.call(Unknown Source)
	at TempTestSuite1659540037633.run(TempTestSuite1659540037633.groovy:36)
Caused by: com.kms.katalon.core.webui.exception.WebElementNotFoundException: Web element with id: 'Object Repository/technical_validation/woocommerce/wordpress_front/buy_gift_voucher/Deleted_emails_logs/Bulk actionsDelete' located by '//select[@id='bulk-action-selector-top']' not found
	at com.kms.katalon.core.webui.common.WebUiCommonHelper.findWebElement(WebUiCommonHelper.java:1370)
	at com.kms.katalon.core.webui.keyword.internal.WebUIAbstractKeyword.findWebElement(WebUIAbstractKeyword.groovy:27)
	at com.kms.katalon.core.webui.keyword.internal.WebUIAbstractKeyword.findWebElement(WebUIAbstractKeyword.groovy:26)
	at com.kms.katalon.core.webui.keyword.builtin.SelectOptionByValueKeyword$_selectOptionByValue_closure1.doCall(SelectOptionByValueKeyword.groovy:86)
	at com.kms.katalon.core.webui.keyword.builtin.SelectOptionByValueKeyword$_selectOptionByValue_closure1.call(SelectOptionByValueKeyword.groovy)
	at com.kms.katalon.core.webui.keyword.internal.WebUIKeywordMain.runKeyword(WebUIKeywordMain.groovy:20)
	at com.kms.katalon.core.webui.keyword.builtin.SelectOptionByValueKeyword.selectOptionByValue(SelectOptionByValueKeyword.groovy:99)
	at com.kms.katalon.core.webui.keyword.builtin.SelectOptionByValueKeyword.execute(SelectOptionByValueKeyword.groovy:71)
	at com.kms.katalon.core.keyword.internal.KeywordExecutor.executeKeywordForPlatform(KeywordExecutor.groovy:74)
	at com.kms.katalon.core.webui.keyword.WebUiBuiltInKeywords.selectOptionByValue(WebUiBuiltInKeywords.groovy:1151)
	at com.kms.katalon.core.webui.keyword.WebUiBuiltInKeywords$selectOptionByValue$4.call(Unknown Source)
	at Script1659539531098.run(Script1659539531098.groovy:38)
	... 13 more
)
	at com.kms.katalon.core.keyword.internal.KeywordMain.stepFailed(KeywordMain.groovy:39)
	at com.kms.katalon.core.webui.keyword.internal.WebUIKeywordMain.stepFailed(WebUIKeywordMain.groovy:64)
	at com.kms.katalon.core.webui.keyword.internal.WebUIKeywordMain.runKeyword(WebUIKeywordMain.groovy:26)
	at com.kms.katalon.core.webui.keyword.builtin.SelectOptionByValueKeyword.selectOptionByValue(SelectOptionByValueKeyword.groovy:99)
	at com.kms.katalon.core.webui.keyword.builtin.SelectOptionByValueKeyword.execute(SelectOptionByValueKeyword.groovy:71)
	at com.kms.katalon.core.keyword.internal.KeywordExecutor.executeKeywordForPlatform(KeywordExecutor.groovy:74)
	at com.kms.katalon.core.webui.keyword.WebUiBuiltInKeywords.selectOptionByValue(WebUiBuiltInKeywords.groovy:1151)
	at com.kms.katalon.core.webui.keyword.WebUiBuiltInKeywords$selectOptionByValue$4.call(Unknown Source)
	at deleted_emails_logs.run(deleted_emails_logs:38)
	at com.kms.katalon.core.main.ScriptEngine.run(ScriptEngine.java:194)
	at com.kms.katalon.core.main.ScriptEngine.runScriptAsRawText(ScriptEngine.java:119)
	at com.kms.katalon.core.main.TestCaseExecutor.runScript(TestCaseExecutor.java:445)
	at com.kms.katalon.core.main.TestCaseExecutor.doExecute(TestCaseExecutor.java:436)
	at com.kms.katalon.core.main.TestCaseExecutor.processExecutionPhase(TestCaseExecutor.java:415)
	at com.kms.katalon.core.main.TestCaseExecutor.accessMainPhase(TestCaseExecutor.java:407)
	at com.kms.katalon.core.main.TestCaseExecutor.execute(TestCaseExecutor.java:284)
	at com.kms.katalon.core.common.CommonExecutor.accessTestCaseMainPhase(CommonExecutor.java:65)
	at com.kms.katalon.core.main.TestSuiteExecutor.accessTestSuiteMainPhase(TestSuiteExecutor.java:144)
	at com.kms.katalon.core.main.TestSuiteExecutor.execute(TestSuiteExecutor.java:106)
	at com.kms.katalon.core.main.TestCaseMain.startTestSuite(TestCaseMain.java:185)
	at com.kms.katalon.core.main.TestCaseMain$startTestSuite$0.call(Unknown Source)
	at TempTestSuite1659540037633.run(TempTestSuite1659540037633.groovy:36)
Caused by: com.kms.katalon.core.exception.StepFailedException: Unable to select option by value 'delete' of object 'Object Repository/technical_validation/woocommerce/wordpress_front/buy_gift_voucher/Deleted_emails_logs/Bulk actionsDelete'  using regular expression
	... 21 more
Caused by: com.kms.katalon.core.webui.exception.WebElementNotFoundException: Web element with id: 'Object Repository/technical_validation/woocommerce/wordpress_front/buy_gift_voucher/Deleted_emails_logs/Bulk actionsDelete' located by '//select[@id='bulk-action-selector-top']' not found
	at com.kms.katalon.core.webui.common.WebUiCommonHelper.findWebElement(WebUiCommonHelper.java:1370)
	at com.kms.katalon.core.webui.keyword.internal.WebUIAbstractKeyword.findWebElement(WebUIAbstractKeyword.groovy:27)
	at com.kms.katalon.core.webui.keyword.internal.WebUIAbstractKeyword.findWebElement(WebUIAbstractKeyword.groovy:26)
	at com.kms.katalon.core.webui.keyword.builtin.SelectOptionByValueKeyword$_selectOptionByValue_closure1.doCall(SelectOptionByValueKeyword.groovy:86)
	at com.kms.katalon.core.webui.keyword.builtin.SelectOptionByValueKeyword$_selectOptionByValue_closure1.call(SelectOptionByValueKeyword.groovy)
	at com.kms.katalon.core.webui.keyword.internal.WebUIKeywordMain.runKeyword(WebUIKeywordMain.groovy:20)
	... 19 more]]></system-err>
      </testcase>
      <testcase name="Test Cases/Technical_validations/woocommerce/products/wordpress_front/buy_gift_voucher_check_email_logs/buy_gift_voucher" time="29.033" classname="Test Cases/Technical_validations/woocommerce/products/wordpress_front/buy_gift_voucher_check_email_logs/buy_gift_voucher" status="PASSED">
         <system-out><![CDATA[2022-08-03 16:22:00 - [TEST_CASE][PASSED] - Test Cases/Technical_validations/woocommerce/products/wordpress_front/buy_gift_voucher_check_email_logs/buy_gift_voucher: Test Cases/Technical_validations/woocommerce/products/wordpress_front/buy_gift_voucher_check_email_logs/buy_gift_voucher

2022-08-03 16:22:00 - [TEST_STEP][PASSED] - openBrowser(""): Browser is opened with url: ''

2022-08-03 16:22:00 - [MESSAGE][INFO] - Starting 'Chrome' driver

2022-08-03 16:22:00 - [MESSAGE][INFO] - Action delay is set to 0 milliseconds

2022-08-03 16:22:01 - [MESSAGE][PASSED] - Browser is opened with url: ''

2022-08-03 16:22:01 - [TEST_STEP][PASSED] - navigateToUrl("https://test2.bittermate.com/product/fuerteventura-4-x-4/"): Navigate to 'https://test2.bittermate.com/product/fuerteventura-4-x-4/' successfully

2022-08-03 16:22:04 - [MESSAGE][PASSED] - Navigate to 'https://test2.bittermate.com/product/fuerteventura-4-x-4/' successfully

2022-08-03 16:22:04 - [TEST_STEP][PASSED] - click(findTestObject("technical_validation/woocommerce/wordpress_front/buy_gift_voucher/buy_gift/input_Book now_turitop_booking_system_gift_checkbox")): Object: 'Object Repository/technical_validation/woocommerce/wordpress_front/buy_gift_voucher/buy_gift/input_Book now_turitop_booking_system_gift_checkbox' is clicked on

2022-08-03 16:22:06 - [MESSAGE][PASSED] - Object: 'Object Repository/technical_validation/woocommerce/wordpress_front/buy_gift_voucher/buy_gift/input_Book now_turitop_booking_system_gift_checkbox' is clicked on

2022-08-03 16:22:06 - [TEST_STEP][PASSED] - doubleClick(findTestObject("Object Repository/technical_validation/woocommerce/wordpress_front/buy_gift_voucher/buy_gift/svg")): Object: 'Object Repository/technical_validation/woocommerce/wordpress_front/buy_gift_voucher/buy_gift/svg' is double clicked on

2022-08-03 16:22:08 - [MESSAGE][PASSED] - Object: 'Object Repository/technical_validation/woocommerce/wordpress_front/buy_gift_voucher/buy_gift/svg' is double clicked on

2022-08-03 16:22:08 - [TEST_STEP][PASSED] - delay(3): Delayed 3 second(s)

2022-08-03 16:22:11 - [MESSAGE][PASSED] - Delayed 3 second(s)

2022-08-03 16:22:11 - [TEST_STEP][PASSED] - doubleClick(findTestObject("Object Repository/technical_validation/woocommerce/wordpress_front/buy_gift_voucher/buy_gift/svg")): Object: 'Object Repository/technical_validation/woocommerce/wordpress_front/buy_gift_voucher/buy_gift/svg' is double clicked on

2022-08-03 16:22:12 - [MESSAGE][PASSED] - Object: 'Object Repository/technical_validation/woocommerce/wordpress_front/buy_gift_voucher/buy_gift/svg' is double clicked on

2022-08-03 16:22:12 - [TEST_STEP][PASSED] - setText(findTestObject("Object Repository/technical_validation/woocommerce/wordpress_front/buy_gift_voucher/buy_gift/input__turitop_booking_system_gift_voucher__734c47"), "recipient test"): Text 'recipient test' is set on object 'Object Repository/technical_validation/woocommerce/wordpress_front/buy_gift_voucher/buy_gift/input__turitop_booking_system_gift_voucher__734c47'

2022-08-03 16:22:12 - [MESSAGE][PASSED] - Text 'recipient test' is set on object 'Object Repository/technical_validation/woocommerce/wordpress_front/buy_gift_voucher/buy_gift/input__turitop_booking_system_gift_voucher__734c47'

2022-08-03 16:22:12 - [TEST_STEP][PASSED] - setText(findTestObject("Object Repository/technical_validation/woocommerce/wordpress_front/buy_gift_voucher/buy_gift/input__turitop_booking_system_gift_voucher__7a3023"), "charly"): Text 'charly' is set on object 'Object Repository/technical_validation/woocommerce/wordpress_front/buy_gift_voucher/buy_gift/input__turitop_booking_system_gift_voucher__7a3023'

2022-08-03 16:22:15 - [MESSAGE][PASSED] - Text 'charly' is set on object 'Object Repository/technical_validation/woocommerce/wordpress_front/buy_gift_voucher/buy_gift/input__turitop_booking_system_gift_voucher__7a3023'

2022-08-03 16:22:15 - [TEST_STEP][PASSED] - click(findTestObject("Object Repository/technical_validation/woocommerce/wordpress_front/buy_gift_voucher/buy_gift/input__turitop_booking_system_gift_voucher__7a3023")): Object: 'Object Repository/technical_validation/woocommerce/wordpress_front/buy_gift_voucher/buy_gift/input__turitop_booking_system_gift_voucher__7a3023' is clicked on

2022-08-03 16:22:16 - [MESSAGE][PASSED] - Object: 'Object Repository/technical_validation/woocommerce/wordpress_front/buy_gift_voucher/buy_gift/input__turitop_booking_system_gift_voucher__7a3023' is clicked on

2022-08-03 16:22:16 - [TEST_STEP][PASSED] - doubleClick(findTestObject("Object Repository/technical_validation/woocommerce/wordpress_front/buy_gift_voucher/buy_gift/input__turitop_booking_system_gift_voucher__7a3023")): Object: 'Object Repository/technical_validation/woocommerce/wordpress_front/buy_gift_voucher/buy_gift/input__turitop_booking_system_gift_voucher__7a3023' is double clicked on

2022-08-03 16:22:16 - [MESSAGE][PASSED] - Object: 'Object Repository/technical_validation/woocommerce/wordpress_front/buy_gift_voucher/buy_gift/input__turitop_booking_system_gift_voucher__7a3023' is double clicked on

2022-08-03 16:22:16 - [TEST_STEP][PASSED] - setText(findTestObject("Object Repository/technical_validation/woocommerce/wordpress_front/buy_gift_voucher/buy_gift/input__turitop_booking_system_gift_voucher__7a3023"), "ticalo.help@gmail.com"): Text 'ticalo.help@gmail.com' is set on object 'Object Repository/technical_validation/woocommerce/wordpress_front/buy_gift_voucher/buy_gift/input__turitop_booking_system_gift_voucher__7a3023'

2022-08-03 16:22:17 - [MESSAGE][PASSED] - Text 'ticalo.help@gmail.com' is set on object 'Object Repository/technical_validation/woocommerce/wordpress_front/buy_gift_voucher/buy_gift/input__turitop_booking_system_gift_voucher__7a3023'

2022-08-03 16:22:17 - [TEST_STEP][PASSED] - click(findTestObject("Object Repository/technical_validation/woocommerce/wordpress_front/buy_gift_voucher/buy_gift/a_Book now")): Object: 'Object Repository/technical_validation/woocommerce/wordpress_front/buy_gift_voucher/buy_gift/a_Book now' is clicked on

2022-08-03 16:22:17 - [MESSAGE][PASSED] - Object: 'Object Repository/technical_validation/woocommerce/wordpress_front/buy_gift_voucher/buy_gift/a_Book now' is clicked on

2022-08-03 16:22:17 - [TEST_STEP][PASSED] - setText(findTestObject("Object Repository/technical_validation/woocommerce/wordpress_front/buy_gift_voucher/buy_gift/input__billing_first_name"), "buyer"): Text 'buyer' is set on object 'Object Repository/technical_validation/woocommerce/wordpress_front/buy_gift_voucher/buy_gift/input__billing_first_name'

2022-08-03 16:22:20 - [MESSAGE][PASSED] - Text 'buyer' is set on object 'Object Repository/technical_validation/woocommerce/wordpress_front/buy_gift_voucher/buy_gift/input__billing_first_name'

2022-08-03 16:22:20 - [TEST_STEP][PASSED] - setText(findTestObject("Object Repository/technical_validation/woocommerce/wordpress_front/buy_gift_voucher/buy_gift/input_(optional)_billing_last_name"), "test gift"): Text 'test gift' is set on object 'Object Repository/technical_validation/woocommerce/wordpress_front/buy_gift_voucher/buy_gift/input_(optional)_billing_last_name'

2022-08-03 16:22:21 - [MESSAGE][PASSED] - Text 'test gift' is set on object 'Object Repository/technical_validation/woocommerce/wordpress_front/buy_gift_voucher/buy_gift/input_(optional)_billing_last_name'

2022-08-03 16:22:21 - [TEST_STEP][PASSED] - setText(findTestObject("Object Repository/technical_validation/woocommerce/wordpress_front/buy_gift_voucher/buy_gift/input__billing_email"), "ticalo.help@gmail.com"): Text 'ticalo.help@gmail.com' is set on object 'Object Repository/technical_validation/woocommerce/wordpress_front/buy_gift_voucher/buy_gift/input__billing_email'

2022-08-03 16:22:21 - [MESSAGE][PASSED] - Text 'ticalo.help@gmail.com' is set on object 'Object Repository/technical_validation/woocommerce/wordpress_front/buy_gift_voucher/buy_gift/input__billing_email'

2022-08-03 16:22:21 - [TEST_STEP][PASSED] - click(findTestObject("Object Repository/technical_validation/woocommerce/wordpress_front/buy_gift_voucher/buy_gift/button_Place order")): Object: 'Object Repository/technical_validation/woocommerce/wordpress_front/buy_gift_voucher/buy_gift/button_Place order' is clicked on

2022-08-03 16:22:22 - [MESSAGE][PASSED] - Object: 'Object Repository/technical_validation/woocommerce/wordpress_front/buy_gift_voucher/buy_gift/button_Place order' is clicked on

2022-08-03 16:22:22 - [TEST_STEP][PASSED] - verifyElementPresent(findTestObject("Object Repository/technical_validation/woocommerce/wordpress_front/buy_gift_voucher/buy_gift/a_Click here to download your gift voucher"), 0): Object 'Object Repository/technical_validation/woocommerce/wordpress_front/buy_gift_voucher/buy_gift/a_Click here to download your gift voucher' is present

2022-08-03 16:22:22 - [MESSAGE][WARNING] - Timeout '0' is invalid. Using default page load timeout: '30'

2022-08-03 16:22:28 - [MESSAGE][PASSED] - Object 'Object Repository/technical_validation/woocommerce/wordpress_front/buy_gift_voucher/buy_gift/a_Click here to download your gift voucher' is present

2022-08-03 16:22:28 - [TEST_STEP][PASSED] - verifyElementPresent(findTestObject("Object Repository/technical_validation/woocommerce/wordpress_front/buy_gift_voucher/buy_gift/a_Click here to redeem your gift voucher"), 0): Object 'Object Repository/technical_validation/woocommerce/wordpress_front/buy_gift_voucher/buy_gift/a_Click here to redeem your gift voucher' is present

2022-08-03 16:22:28 - [MESSAGE][WARNING] - Timeout '0' is invalid. Using default page load timeout: '30'

2022-08-03 16:22:29 - [MESSAGE][PASSED] - Object 'Object Repository/technical_validation/woocommerce/wordpress_front/buy_gift_voucher/buy_gift/a_Click here to redeem your gift voucher' is present

2022-08-03 16:22:29 - [TEST_STEP][PASSED] - verifyElementPresent(findTestObject("Object Repository/technical_validation/woocommerce/wordpress_front/buy_gift_voucher/buy_gift/h1_Order received"), 0): Object 'Object Repository/technical_validation/woocommerce/wordpress_front/buy_gift_voucher/buy_gift/h1_Order received' is present

2022-08-03 16:22:29 - [MESSAGE][WARNING] - Timeout '0' is invalid. Using default page load timeout: '30'

2022-08-03 16:22:29 - [MESSAGE][PASSED] - Object 'Object Repository/technical_validation/woocommerce/wordpress_front/buy_gift_voucher/buy_gift/h1_Order received' is present

2022-08-03 16:22:29 - [TEST_STEP][PASSED] - closeBrowser(): Browser is closed

2022-08-03 16:22:29 - [MESSAGE][PASSED] - Browser is closed]]></system-out>
         <system-err><![CDATA[]]></system-err>
      </testcase>
      <testcase name="Test Cases/Technical_validations/woocommerce/products/wordpress_front/buy_gift_voucher_check_email_logs/verificate_emails_logs" time="13.817" classname="Test Cases/Technical_validations/woocommerce/products/wordpress_front/buy_gift_voucher_check_email_logs/verificate_emails_logs" status="PASSED">
         <system-out><![CDATA[2022-08-03 16:22:29 - [TEST_CASE][PASSED] - Test Cases/Technical_validations/woocommerce/products/wordpress_front/buy_gift_voucher_check_email_logs/verificate_emails_logs: Test Cases/Technical_validations/woocommerce/products/wordpress_front/buy_gift_voucher_check_email_logs/verificate_emails_logs

2022-08-03 16:22:29 - [TEST_STEP][PASSED] - openBrowser(""): Browser is opened with url: ''

2022-08-03 16:22:29 - [MESSAGE][INFO] - Starting 'Chrome' driver

2022-08-03 16:22:29 - [MESSAGE][INFO] - Action delay is set to 0 milliseconds

2022-08-03 16:22:31 - [MESSAGE][PASSED] - Browser is opened with url: ''

2022-08-03 16:22:31 - [TEST_STEP][PASSED] - navigateToUrl("https://test2.bittermate.com/wp-login.php?redirect_to=https%3A%2F%2Ftest2.bittermate.com%2Fwp-admin%2F&reauth=1"): Navigate to 'https://test2.bittermate.com/wp-login.php?redirect_to=https%3A%2F%2Ftest2.bittermate.com%2Fwp-admin%2F&reauth=1' successfully

2022-08-03 16:22:32 - [MESSAGE][PASSED] - Navigate to 'https://test2.bittermate.com/wp-login.php?redirect_to=https%3A%2F%2Ftest2.bittermate.com%2Fwp-admin%2F&reauth=1' successfully

2022-08-03 16:22:32 - [TEST_STEP][PASSED] - setText(findTestObject("Object Repository/technical_validation/woocommerce/wordpress_front/buy_gift_voucher/check_email_logs/input_Username"), "HeK7efHMQ5uFnm9JjsPr"): Text 'HeK7efHMQ5uFnm9JjsPr' is set on object 'Object Repository/technical_validation/woocommerce/wordpress_front/buy_gift_voucher/check_email_logs/input_Username'

2022-08-03 16:22:33 - [MESSAGE][PASSED] - Text 'HeK7efHMQ5uFnm9JjsPr' is set on object 'Object Repository/technical_validation/woocommerce/wordpress_front/buy_gift_voucher/check_email_logs/input_Username'

2022-08-03 16:22:33 - [TEST_STEP][PASSED] - setEncryptedText(findTestObject("Object Repository/technical_validation/woocommerce/wordpress_front/buy_gift_voucher/check_email_logs/input_Password"), "j0Nap0ti6DhaVggngvyR/o5uPt58Q4Zkrfnklq59dgCapLJ4ygQgUQ=="): Text ****** has been set on object 'Object Repository/technical_validation/woocommerce/wordpress_front/buy_gift_voucher/check_email_logs/input_Password'

2022-08-03 16:22:33 - [MESSAGE][PASSED] - Text ****** has been set on object 'Object Repository/technical_validation/woocommerce/wordpress_front/buy_gift_voucher/check_email_logs/input_Password'

2022-08-03 16:22:33 - [TEST_STEP][PASSED] - click(findTestObject("Object Repository/technical_validation/woocommerce/wordpress_front/buy_gift_voucher/check_email_logs/input_button")): Object: 'Object Repository/technical_validation/woocommerce/wordpress_front/buy_gift_voucher/check_email_logs/input_button' is clicked on

2022-08-03 16:22:35 - [MESSAGE][PASSED] - Object: 'Object Repository/technical_validation/woocommerce/wordpress_front/buy_gift_voucher/check_email_logs/input_button' is clicked on

2022-08-03 16:22:35 - [TEST_STEP][PASSED] - click(findTestObject("Object Repository/technical_validation/woocommerce/wordpress_front/buy_gift_voucher/check_email_logs/WPMail_SMTP")): Object: 'Object Repository/technical_validation/woocommerce/wordpress_front/buy_gift_voucher/check_email_logs/WPMail_SMTP' is clicked on

2022-08-03 16:22:37 - [MESSAGE][PASSED] - Object: 'Object Repository/technical_validation/woocommerce/wordpress_front/buy_gift_voucher/check_email_logs/WPMail_SMTP' is clicked on

2022-08-03 16:22:37 - [TEST_STEP][PASSED] - click(findTestObject("Object Repository/technical_validation/woocommerce/wordpress_front/buy_gift_voucher/check_email_logs/WPmail_Logs")): Object: 'Object Repository/technical_validation/woocommerce/wordpress_front/buy_gift_voucher/check_email_logs/WPmail_Logs' is clicked on

2022-08-03 16:22:40 - [MESSAGE][PASSED] - Object: 'Object Repository/technical_validation/woocommerce/wordpress_front/buy_gift_voucher/check_email_logs/WPmail_Logs' is clicked on

2022-08-03 16:22:40 - [TEST_STEP][PASSED] - verifyElementPresent(findTestObject("Object Repository/technical_validation/woocommerce/wordpress_front/buy_gift_voucher/check_email_logs/Congratulations_email"), 0): Object 'Object Repository/technical_validation/woocommerce/wordpress_front/buy_gift_voucher/check_email_logs/Congratulations_email' is present

2022-08-03 16:22:40 - [MESSAGE][WARNING] - Timeout '0' is invalid. Using default page load timeout: '30'

2022-08-03 16:22:40 - [MESSAGE][PASSED] - Object 'Object Repository/technical_validation/woocommerce/wordpress_front/buy_gift_voucher/check_email_logs/Congratulations_email' is present

2022-08-03 16:22:40 - [TEST_STEP][PASSED] - verifyElementPresent(findTestObject("Object Repository/technical_validation/woocommerce/wordpress_front/buy_gift_voucher/check_email_logs/New order_log"), 0): Object 'Object Repository/technical_validation/woocommerce/wordpress_front/buy_gift_voucher/check_email_logs/New order_log' is present

2022-08-03 16:22:40 - [MESSAGE][WARNING] - Timeout '0' is invalid. Using default page load timeout: '30'

2022-08-03 16:22:40 - [MESSAGE][PASSED] - Object 'Object Repository/technical_validation/woocommerce/wordpress_front/buy_gift_voucher/check_email_logs/New order_log' is present

2022-08-03 16:22:40 - [TEST_STEP][PASSED] - verifyElementPresent(findTestObject("Object Repository/technical_validation/woocommerce/wordpress_front/buy_gift_voucher/check_email_logs/order _eceived"), 0): Object 'Object Repository/technical_validation/woocommerce/wordpress_front/buy_gift_voucher/check_email_logs/order _eceived' is present

2022-08-03 16:22:41 - [MESSAGE][WARNING] - Timeout '0' is invalid. Using default page load timeout: '30'

2022-08-03 16:22:41 - [MESSAGE][PASSED] - Object 'Object Repository/technical_validation/woocommerce/wordpress_front/buy_gift_voucher/check_email_logs/order _eceived' is present

2022-08-03 16:22:41 - [TEST_STEP][PASSED] - delay(2): Delayed 2 second(s)

2022-08-03 16:22:43 - [MESSAGE][PASSED] - Delayed 2 second(s)

2022-08-03 16:22:43 - [TEST_STEP][PASSED] - closeBrowser(): Browser is closed

2022-08-03 16:22:43 - [MESSAGE][PASSED] - Browser is closed]]></system-out>
         <system-err><![CDATA[]]></system-err>
      </testcase>
      <system-out><![CDATA[2022-08-03 16:20:44 - [TEST_SUITE][FAILED] - gift_voucher: Test Cases/Technical_validations/woocommerce/products/wordpress_front/buy_gift_voucher_check_email_logs/deleted_emails_logs FAILED.
Reason:
com.kms.katalon.core.exception.StepFailedException: Unable to select option by value 'delete' of object 'Object Repository/technical_validation/woocommerce/wordpress_front/buy_gift_voucher/Deleted_emails_logs/Bulk actionsDelete'  using regular expression (Root cause: com.kms.katalon.core.exception.StepFailedException: Unable to select option by value 'delete' of object 'Object Repository/technical_validation/woocommerce/wordpress_front/buy_gift_voucher/Deleted_emails_logs/Bulk actionsDelete'  using regular expression
	at com.kms.katalon.core.webui.keyword.internal.WebUIKeywordMain.stepFailed(WebUIKeywordMain.groovy:64)
	at com.kms.katalon.core.webui.keyword.internal.WebUIKeywordMain.runKeyword(WebUIKeywordMain.groovy:26)
	at com.kms.katalon.core.webui.keyword.builtin.SelectOptionByValueKeyword.selectOptionByValue(SelectOptionByValueKeyword.groovy:99)
	at com.kms.katalon.core.webui.keyword.builtin.SelectOptionByValueKeyword.execute(SelectOptionByValueKeyword.groovy:71)
	at com.kms.katalon.core.keyword.internal.KeywordExecutor.executeKeywordForPlatform(KeywordExecutor.groovy:74)
	at com.kms.katalon.core.webui.keyword.WebUiBuiltInKeywords.selectOptionByValue(WebUiBuiltInKeywords.groovy:1151)
	at com.kms.katalon.core.webui.keyword.WebUiBuiltInKeywords$selectOptionByValue$4.call(Unknown Source)
	at deleted_emails_logs.run(deleted_emails_logs:38)
	at com.kms.katalon.core.main.ScriptEngine.run(ScriptEngine.java:194)
	at com.kms.katalon.core.main.ScriptEngine.runScriptAsRawText(ScriptEngine.java:119)
	at com.kms.katalon.core.main.TestCaseExecutor.runScript(TestCaseExecutor.java:445)
	at com.kms.katalon.core.main.TestCaseExecutor.doExecute(TestCaseExecutor.java:436)
	at com.kms.katalon.core.main.TestCaseExecutor.processExecutionPhase(TestCaseExecutor.java:415)
	at com.kms.katalon.core.main.TestCaseExecutor.accessMainPhase(TestCaseExecutor.java:407)
	at com.kms.katalon.core.main.TestCaseExecutor.execute(TestCaseExecutor.java:284)
	at com.kms.katalon.core.common.CommonExecutor.accessTestCaseMainPhase(CommonExecutor.java:65)
	at com.kms.katalon.core.main.TestSuiteExecutor.accessTestSuiteMainPhase(TestSuiteExecutor.java:144)
	at com.kms.katalon.core.main.TestSuiteExecutor.execute(TestSuiteExecutor.java:106)
	at com.kms.katalon.core.main.TestCaseMain.startTestSuite(TestCaseMain.java:185)
	at com.kms.katalon.core.main.TestCaseMain$startTestSuite$0.call(Unknown Source)
	at TempTestSuite1659540037633.run(TempTestSuite1659540037633.groovy:36)
Caused by: com.kms.katalon.core.webui.exception.WebElementNotFoundException: Web element with id: 'Object Repository/technical_validation/woocommerce/wordpress_front/buy_gift_voucher/Deleted_emails_logs/Bulk actionsDelete' located by '//select[@id='bulk-action-selector-top']' not found
	at com.kms.katalon.core.webui.common.WebUiCommonHelper.findWebElement(WebUiCommonHelper.java:1370)
	at com.kms.katalon.core.webui.keyword.internal.WebUIAbstractKeyword.findWebElement(WebUIAbstractKeyword.groovy:27)
	at com.kms.katalon.core.webui.keyword.internal.WebUIAbstractKeyword.findWebElement(WebUIAbstractKeyword.groovy:26)
	at com.kms.katalon.core.webui.keyword.builtin.SelectOptionByValueKeyword$_selectOptionByValue_closure1.doCall(SelectOptionByValueKeyword.groovy:86)
	at com.kms.katalon.core.webui.keyword.builtin.SelectOptionByValueKeyword$_selectOptionByValue_closure1.call(SelectOptionByValueKeyword.groovy)
	at com.kms.katalon.core.webui.keyword.internal.WebUIKeywordMain.runKeyword(WebUIKeywordMain.groovy:20)
	at com.kms.katalon.core.webui.keyword.builtin.SelectOptionByValueKeyword.selectOptionByValue(SelectOptionByValueKeyword.groovy:99)
	at com.kms.katalon.core.webui.keyword.builtin.SelectOptionByValueKeyword.execute(SelectOptionByValueKeyword.groovy:71)
	at com.kms.katalon.core.keyword.internal.KeywordExecutor.executeKeywordForPlatform(KeywordExecutor.groovy:74)
	at com.kms.katalon.core.webui.keyword.WebUiBuiltInKeywords.selectOptionByValue(WebUiBuiltInKeywords.groovy:1151)
	at com.kms.katalon.core.webui.keyword.WebUiBuiltInKeywords$selectOptionByValue$4.call(Unknown Source)
	at Script1659539531098.run(Script1659539531098.groovy:38)
	... 13 more
)
	at com.kms.katalon.core.keyword.internal.KeywordMain.stepFailed(KeywordMain.groovy:39)
	at com.kms.katalon.core.webui.keyword.internal.WebUIKeywordMain.stepFailed(WebUIKeywordMain.groovy:64)
	at com.kms.katalon.core.webui.keyword.internal.WebUIKeywordMain.runKeyword(WebUIKeywordMain.groovy:26)
	at com.kms.katalon.core.webui.keyword.builtin.SelectOptionByValueKeyword.selectOptionByValue(SelectOptionByValueKeyword.groovy:99)
	at com.kms.katalon.core.webui.keyword.builtin.SelectOptionByValueKeyword.execute(SelectOptionByValueKeyword.groovy:71)
	at com.kms.katalon.core.keyword.internal.KeywordExecutor.executeKeywordForPlatform(KeywordExecutor.groovy:74)
	at com.kms.katalon.core.webui.keyword.WebUiBuiltInKeywords.selectOptionByValue(WebUiBuiltInKeywords.groovy:1151)
	at com.kms.katalon.core.webui.keyword.WebUiBuiltInKeywords$selectOptionByValue$4.call(Unknown Source)
	at deleted_emails_logs.run(deleted_emails_logs:38)
	at com.kms.katalon.core.main.ScriptEngine.run(ScriptEngine.java:194)
	at com.kms.katalon.core.main.ScriptEngine.runScriptAsRawText(ScriptEngine.java:119)
	at com.kms.katalon.core.main.TestCaseExecutor.runScript(TestCaseExecutor.java:445)
	at com.kms.katalon.core.main.TestCaseExecutor.doExecute(TestCaseExecutor.java:436)
	at com.kms.katalon.core.main.TestCaseExecutor.processExecutionPhase(TestCaseExecutor.java:415)
	at com.kms.katalon.core.main.TestCaseExecutor.accessMainPhase(TestCaseExecutor.java:407)
	at com.kms.katalon.core.main.TestCaseExecutor.execute(TestCaseExecutor.java:284)
	at com.kms.katalon.core.common.CommonExecutor.accessTestCaseMainPhase(CommonExecutor.java:65)
	at com.kms.katalon.core.main.TestSuiteExecutor.accessTestSuiteMainPhase(TestSuiteExecutor.java:144)
	at com.kms.katalon.core.main.TestSuiteExecutor.execute(TestSuiteExecutor.java:106)
	at com.kms.katalon.core.main.TestCaseMain.startTestSuite(TestCaseMain.java:185)
	at com.kms.katalon.core.main.TestCaseMain$startTestSuite$0.call(Unknown Source)
	at TempTestSuite1659540037633.run(TempTestSuite1659540037633.groovy:36)
Caused by: com.kms.katalon.core.exception.StepFailedException: Unable to select option by value 'delete' of object 'Object Repository/technical_validation/woocommerce/wordpress_front/buy_gift_voucher/Deleted_emails_logs/Bulk actionsDelete'  using regular expression
	... 21 more
Caused by: com.kms.katalon.core.webui.exception.WebElementNotFoundException: Web element with id: 'Object Repository/technical_validation/woocommerce/wordpress_front/buy_gift_voucher/Deleted_emails_logs/Bulk actionsDelete' located by '//select[@id='bulk-action-selector-top']' not found
	at com.kms.katalon.core.webui.common.WebUiCommonHelper.findWebElement(WebUiCommonHelper.java:1370)
	at com.kms.katalon.core.webui.keyword.internal.WebUIAbstractKeyword.findWebElement(WebUIAbstractKeyword.groovy:27)
	at com.kms.katalon.core.webui.keyword.internal.WebUIAbstractKeyword.findWebElement(WebUIAbstractKeyword.groovy:26)
	at com.kms.katalon.core.webui.keyword.builtin.SelectOptionByValueKeyword$_selectOptionByValue_closure1.doCall(SelectOptionByValueKeyword.groovy:86)
	at com.kms.katalon.core.webui.keyword.builtin.SelectOptionByValueKeyword$_selectOptionByValue_closure1.call(SelectOptionByValueKeyword.groovy)
	at com.kms.katalon.core.webui.keyword.internal.WebUIKeywordMain.runKeyword(WebUIKeywordMain.groovy:20)
	... 19 more]]></system-out>
      <system-err><![CDATA[2022-08-03 16:20:44 - [TEST_SUITE][FAILED] - gift_voucher: Test Cases/Technical_validations/woocommerce/products/wordpress_front/buy_gift_voucher_check_email_logs/deleted_emails_logs FAILED.
Reason:
com.kms.katalon.core.exception.StepFailedException: Unable to select option by value 'delete' of object 'Object Repository/technical_validation/woocommerce/wordpress_front/buy_gift_voucher/Deleted_emails_logs/Bulk actionsDelete'  using regular expression (Root cause: com.kms.katalon.core.exception.StepFailedException: Unable to select option by value 'delete' of object 'Object Repository/technical_validation/woocommerce/wordpress_front/buy_gift_voucher/Deleted_emails_logs/Bulk actionsDelete'  using regular expression
	at com.kms.katalon.core.webui.keyword.internal.WebUIKeywordMain.stepFailed(WebUIKeywordMain.groovy:64)
	at com.kms.katalon.core.webui.keyword.internal.WebUIKeywordMain.runKeyword(WebUIKeywordMain.groovy:26)
	at com.kms.katalon.core.webui.keyword.builtin.SelectOptionByValueKeyword.selectOptionByValue(SelectOptionByValueKeyword.groovy:99)
	at com.kms.katalon.core.webui.keyword.builtin.SelectOptionByValueKeyword.execute(SelectOptionByValueKeyword.groovy:71)
	at com.kms.katalon.core.keyword.internal.KeywordExecutor.executeKeywordForPlatform(KeywordExecutor.groovy:74)
	at com.kms.katalon.core.webui.keyword.WebUiBuiltInKeywords.selectOptionByValue(WebUiBuiltInKeywords.groovy:1151)
	at com.kms.katalon.core.webui.keyword.WebUiBuiltInKeywords$selectOptionByValue$4.call(Unknown Source)
	at deleted_emails_logs.run(deleted_emails_logs:38)
	at com.kms.katalon.core.main.ScriptEngine.run(ScriptEngine.java:194)
	at com.kms.katalon.core.main.ScriptEngine.runScriptAsRawText(ScriptEngine.java:119)
	at com.kms.katalon.core.main.TestCaseExecutor.runScript(TestCaseExecutor.java:445)
	at com.kms.katalon.core.main.TestCaseExecutor.doExecute(TestCaseExecutor.java:436)
	at com.kms.katalon.core.main.TestCaseExecutor.processExecutionPhase(TestCaseExecutor.java:415)
	at com.kms.katalon.core.main.TestCaseExecutor.accessMainPhase(TestCaseExecutor.java:407)
	at com.kms.katalon.core.main.TestCaseExecutor.execute(TestCaseExecutor.java:284)
	at com.kms.katalon.core.common.CommonExecutor.accessTestCaseMainPhase(CommonExecutor.java:65)
	at com.kms.katalon.core.main.TestSuiteExecutor.accessTestSuiteMainPhase(TestSuiteExecutor.java:144)
	at com.kms.katalon.core.main.TestSuiteExecutor.execute(TestSuiteExecutor.java:106)
	at com.kms.katalon.core.main.TestCaseMain.startTestSuite(TestCaseMain.java:185)
	at com.kms.katalon.core.main.TestCaseMain$startTestSuite$0.call(Unknown Source)
	at TempTestSuite1659540037633.run(TempTestSuite1659540037633.groovy:36)
Caused by: com.kms.katalon.core.webui.exception.WebElementNotFoundException: Web element with id: 'Object Repository/technical_validation/woocommerce/wordpress_front/buy_gift_voucher/Deleted_emails_logs/Bulk actionsDelete' located by '//select[@id='bulk-action-selector-top']' not found
	at com.kms.katalon.core.webui.common.WebUiCommonHelper.findWebElement(WebUiCommonHelper.java:1370)
	at com.kms.katalon.core.webui.keyword.internal.WebUIAbstractKeyword.findWebElement(WebUIAbstractKeyword.groovy:27)
	at com.kms.katalon.core.webui.keyword.internal.WebUIAbstractKeyword.findWebElement(WebUIAbstractKeyword.groovy:26)
	at com.kms.katalon.core.webui.keyword.builtin.SelectOptionByValueKeyword$_selectOptionByValue_closure1.doCall(SelectOptionByValueKeyword.groovy:86)
	at com.kms.katalon.core.webui.keyword.builtin.SelectOptionByValueKeyword$_selectOptionByValue_closure1.call(SelectOptionByValueKeyword.groovy)
	at com.kms.katalon.core.webui.keyword.internal.WebUIKeywordMain.runKeyword(WebUIKeywordMain.groovy:20)
	at com.kms.katalon.core.webui.keyword.builtin.SelectOptionByValueKeyword.selectOptionByValue(SelectOptionByValueKeyword.groovy:99)
	at com.kms.katalon.core.webui.keyword.builtin.SelectOptionByValueKeyword.execute(SelectOptionByValueKeyword.groovy:71)
	at com.kms.katalon.core.keyword.internal.KeywordExecutor.executeKeywordForPlatform(KeywordExecutor.groovy:74)
	at com.kms.katalon.core.webui.keyword.WebUiBuiltInKeywords.selectOptionByValue(WebUiBuiltInKeywords.groovy:1151)
	at com.kms.katalon.core.webui.keyword.WebUiBuiltInKeywords$selectOptionByValue$4.call(Unknown Source)
	at Script1659539531098.run(Script1659539531098.groovy:38)
	... 13 more
)
	at com.kms.katalon.core.keyword.internal.KeywordMain.stepFailed(KeywordMain.groovy:39)
	at com.kms.katalon.core.webui.keyword.internal.WebUIKeywordMain.stepFailed(WebUIKeywordMain.groovy:64)
	at com.kms.katalon.core.webui.keyword.internal.WebUIKeywordMain.runKeyword(WebUIKeywordMain.groovy:26)
	at com.kms.katalon.core.webui.keyword.builtin.SelectOptionByValueKeyword.selectOptionByValue(SelectOptionByValueKeyword.groovy:99)
	at com.kms.katalon.core.webui.keyword.builtin.SelectOptionByValueKeyword.execute(SelectOptionByValueKeyword.groovy:71)
	at com.kms.katalon.core.keyword.internal.KeywordExecutor.executeKeywordForPlatform(KeywordExecutor.groovy:74)
	at com.kms.katalon.core.webui.keyword.WebUiBuiltInKeywords.selectOptionByValue(WebUiBuiltInKeywords.groovy:1151)
	at com.kms.katalon.core.webui.keyword.WebUiBuiltInKeywords$selectOptionByValue$4.call(Unknown Source)
	at deleted_emails_logs.run(deleted_emails_logs:38)
	at com.kms.katalon.core.main.ScriptEngine.run(ScriptEngine.java:194)
	at com.kms.katalon.core.main.ScriptEngine.runScriptAsRawText(ScriptEngine.java:119)
	at com.kms.katalon.core.main.TestCaseExecutor.runScript(TestCaseExecutor.java:445)
	at com.kms.katalon.core.main.TestCaseExecutor.doExecute(TestCaseExecutor.java:436)
	at com.kms.katalon.core.main.TestCaseExecutor.processExecutionPhase(TestCaseExecutor.java:415)
	at com.kms.katalon.core.main.TestCaseExecutor.accessMainPhase(TestCaseExecutor.java:407)
	at com.kms.katalon.core.main.TestCaseExecutor.execute(TestCaseExecutor.java:284)
	at com.kms.katalon.core.common.CommonExecutor.accessTestCaseMainPhase(CommonExecutor.java:65)
	at com.kms.katalon.core.main.TestSuiteExecutor.accessTestSuiteMainPhase(TestSuiteExecutor.java:144)
	at com.kms.katalon.core.main.TestSuiteExecutor.execute(TestSuiteExecutor.java:106)
	at com.kms.katalon.core.main.TestCaseMain.startTestSuite(TestCaseMain.java:185)
	at com.kms.katalon.core.main.TestCaseMain$startTestSuite$0.call(Unknown Source)
	at TempTestSuite1659540037633.run(TempTestSuite1659540037633.groovy:36)
Caused by: com.kms.katalon.core.exception.StepFailedException: Unable to select option by value 'delete' of object 'Object Repository/technical_validation/woocommerce/wordpress_front/buy_gift_voucher/Deleted_emails_logs/Bulk actionsDelete'  using regular expression
	... 21 more
Caused by: com.kms.katalon.core.webui.exception.WebElementNotFoundException: Web element with id: 'Object Repository/technical_validation/woocommerce/wordpress_front/buy_gift_voucher/Deleted_emails_logs/Bulk actionsDelete' located by '//select[@id='bulk-action-selector-top']' not found
	at com.kms.katalon.core.webui.common.WebUiCommonHelper.findWebElement(WebUiCommonHelper.java:1370)
	at com.kms.katalon.core.webui.keyword.internal.WebUIAbstractKeyword.findWebElement(WebUIAbstractKeyword.groovy:27)
	at com.kms.katalon.core.webui.keyword.internal.WebUIAbstractKeyword.findWebElement(WebUIAbstractKeyword.groovy:26)
	at com.kms.katalon.core.webui.keyword.builtin.SelectOptionByValueKeyword$_selectOptionByValue_closure1.doCall(SelectOptionByValueKeyword.groovy:86)
	at com.kms.katalon.core.webui.keyword.builtin.SelectOptionByValueKeyword$_selectOptionByValue_closure1.call(SelectOptionByValueKeyword.groovy)
	at com.kms.katalon.core.webui.keyword.internal.WebUIKeywordMain.runKeyword(WebUIKeywordMain.groovy:20)
	... 19 more]]></system-err>
   </testsuite>
</testsuites>
